<?xml version="1.0" encoding="UTF-8"?>
<testng-results ignored="0" total="10" passed="10" failed="0" skipped="0">
  <reporter-output>
  </reporter-output>
  <suite started-at="2023-06-05T18:33:44 EDT" name="All Test Suite" finished-at="2023-06-05T18:33:51 EDT" duration-ms="7094">
    <groups>
    </groups>
    <test started-at="2023-06-05T18:33:44 EDT" name="User Tests" finished-at="2023-06-05T18:33:51 EDT" duration-ms="7094">
      <class name="api.test.DataDrivenTest">
        <test-method signature="testPostUser(java.lang.String,java.lang.String,java.lang.String,java.lang.String,java.lang.String,java.lang.String,java.lang.String)[pri:1, instance:api.test.DataDrivenTest@384ad17b]" started-at="2023-06-05T18:33:50 EDT" name="testPostUser" data-provider="Data" finished-at="2023-06-05T18:33:50 EDT" duration-ms="196" status="PASS">
          <params>
            <param index="0">
              <value>
                <![CDATA[1010]]>
              </value>
            </param>
            <param index="1">
              <value>
                <![CDATA[testuser1]]>
              </value>
            </param>
            <param index="2">
              <value>
                <![CDATA[Anoop]]>
              </value>
            </param>
            <param index="3">
              <value>
                <![CDATA[Joseph]]>
              </value>
            </param>
            <param index="4">
              <value>
                <![CDATA[a.joseph@gmail.com]]>
              </value>
            </param>
            <param index="5">
              <value>
                <![CDATA[test@1]]>
              </value>
            </param>
            <param index="6">
              <value>
                <![CDATA[123456789]]>
              </value>
            </param>
          </params>
          <reporter-output>
          </reporter-output>
        </test-method> <!-- testPostUser -->
        <test-method signature="testPostUser(java.lang.String,java.lang.String,java.lang.String,java.lang.String,java.lang.String,java.lang.String,java.lang.String)[pri:1, instance:api.test.DataDrivenTest@384ad17b]" started-at="2023-06-05T18:33:50 EDT" name="testPostUser" data-provider="Data" finished-at="2023-06-05T18:33:50 EDT" duration-ms="192" status="PASS">
          <params>
            <param index="0">
              <value>
                <![CDATA[1011]]>
              </value>
            </param>
            <param index="1">
              <value>
                <![CDATA[testuser2]]>
              </value>
            </param>
            <param index="2">
              <value>
                <![CDATA[Deepu]]>
              </value>
            </param>
            <param index="3">
              <value>
                <![CDATA[Joseph]]>
              </value>
            </param>
            <param index="4">
              <value>
                <![CDATA[d.joseph@gmail.com]]>
              </value>
            </param>
            <param index="5">
              <value>
                <![CDATA[test@2]]>
              </value>
            </param>
            <param index="6">
              <value>
                <![CDATA[987456123]]>
              </value>
            </param>
          </params>
          <reporter-output>
          </reporter-output>
        </test-method> <!-- testPostUser -->
        <test-method signature="testPostUser(java.lang.String,java.lang.String,java.lang.String,java.lang.String,java.lang.String,java.lang.String,java.lang.String)[pri:1, instance:api.test.DataDrivenTest@384ad17b]" started-at="2023-06-05T18:33:50 EDT" name="testPostUser" data-provider="Data" finished-at="2023-06-05T18:33:50 EDT" duration-ms="202" status="PASS">
          <params>
            <param index="0">
              <value>
                <![CDATA[1012]]>
              </value>
            </param>
            <param index="1">
              <value>
                <![CDATA[testuser3]]>
              </value>
            </param>
            <param index="2">
              <value>
                <![CDATA[John]]>
              </value>
            </param>
            <param index="3">
              <value>
                <![CDATA[Joseph]]>
              </value>
            </param>
            <param index="4">
              <value>
                <![CDATA[j.joseph@gmail.com]]>
              </value>
            </param>
            <param index="5">
              <value>
                <![CDATA[test@3]]>
              </value>
            </param>
            <param index="6">
              <value>
                <![CDATA[456123789]]>
              </value>
            </param>
          </params>
          <reporter-output>
          </reporter-output>
        </test-method> <!-- testPostUser -->
        <test-method signature="testDeleteUserByName(java.lang.String)[pri:2, instance:api.test.DataDrivenTest@384ad17b]" started-at="2023-06-05T18:33:50 EDT" name="testDeleteUserByName" data-provider="UserNames" finished-at="2023-06-05T18:33:50 EDT" duration-ms="214" status="PASS">
          <params>
            <param index="0">
              <value>
                <![CDATA[testuser1]]>
              </value>
            </param>
          </params>
          <reporter-output>
          </reporter-output>
        </test-method> <!-- testDeleteUserByName -->
        <test-method signature="testDeleteUserByName(java.lang.String)[pri:2, instance:api.test.DataDrivenTest@384ad17b]" started-at="2023-06-05T18:33:50 EDT" name="testDeleteUserByName" data-provider="UserNames" finished-at="2023-06-05T18:33:51 EDT" duration-ms="214" status="PASS">
          <params>
            <param index="0">
              <value>
                <![CDATA[testuser2]]>
              </value>
            </param>
          </params>
          <reporter-output>
          </reporter-output>
        </test-method> <!-- testDeleteUserByName -->
        <test-method signature="testDeleteUserByName(java.lang.String)[pri:2, instance:api.test.DataDrivenTest@384ad17b]" started-at="2023-06-05T18:33:51 EDT" name="testDeleteUserByName" data-provider="UserNames" finished-at="2023-06-05T18:33:51 EDT" duration-ms="200" status="PASS">
          <params>
            <param index="0">
              <value>
                <![CDATA[testuser3]]>
              </value>
            </param>
          </params>
          <reporter-output>
          </reporter-output>
        </test-method> <!-- testDeleteUserByName -->
      </class> <!-- api.test.DataDrivenTest -->
      <class name="api.test.UserTests">
        <test-method is-config="true" signature="setup()[pri:0, instance:api.test.UserTests@40ef3420]" started-at="2023-06-05T18:33:44 EDT" name="setup" finished-at="2023-06-05T18:33:44 EDT" duration-ms="467" status="PASS">
          <reporter-output>
          </reporter-output>
        </test-method> <!-- setup -->
        <test-method signature="testPostUser()[pri:1, instance:api.test.UserTests@40ef3420]" started-at="2023-06-05T18:33:44 EDT" name="testPostUser" finished-at="2023-06-05T18:33:46 EDT" duration-ms="1464" status="PASS">
          <reporter-output>
          </reporter-output>
        </test-method> <!-- testPostUser -->
        <test-method signature="testGetUserByName()[pri:2, instance:api.test.UserTests@40ef3420]" started-at="2023-06-05T18:33:46 EDT" name="testGetUserByName" finished-at="2023-06-05T18:33:46 EDT" duration-ms="217" status="PASS">
          <reporter-output>
          </reporter-output>
        </test-method> <!-- testGetUserByName -->
        <test-method signature="testUpdateuserByName()[pri:3, instance:api.test.UserTests@40ef3420]" started-at="2023-06-05T18:33:46 EDT" name="testUpdateuserByName" finished-at="2023-06-05T18:33:48 EDT" duration-ms="1515" status="PASS">
          <reporter-output>
          </reporter-output>
        </test-method> <!-- testUpdateuserByName -->
        <test-method signature="testDeleteUserByName()[pri:4, instance:api.test.UserTests@40ef3420]" started-at="2023-06-05T18:33:48 EDT" name="testDeleteUserByName" finished-at="2023-06-05T18:33:49 EDT" duration-ms="1227" status="PASS">
          <reporter-output>
          </reporter-output>
        </test-method> <!-- testDeleteUserByName -->
      </class> <!-- api.test.UserTests -->
    </test> <!-- User Tests -->
  </suite> <!-- All Test Suite -->
</testng-results>
