<?xml version="1.0" encoding="UTF-8"?>
<testsuite xmlns:xsi="http://www.w3.org/2001/XMLSchema-instance" xsi:noNamespaceSchemaLocation="https://maven.apache.org/surefire/maven-surefire-plugin/xsd/surefire-test-report-3.0.xsd" version="3.0" name="TestSuite" time="7.664" tests="10" errors="0" skipped="0" failures="0">
  <properties>
[...]
</properties>
  <testcase name="testPostUser" classname="api.test.UserTests" time="1.47">
    <system-out><![CDATA[HTTP/1.1 200 OK
Date: Mon, 05 Jun 2023 22:33:46 GMT
Content-Type: application/json
Transfer-Encoding: chunked
Connection: keep-alive
Access-Control-Allow-Origin: *
Access-Control-Allow-Methods: GET, POST, DELETE, PUT
Access-Control-Allow-Headers: Content-Type, api_key, Authorization
Server: Jetty(9.2.9.v20150224)

{
    "code": 200,
    "type": "unknown",
    "message": "1594873248"
}
]]></system-out>
    <system-err><![CDATA[SLF4J: Failed to load class "org.slf4j.impl.StaticLoggerBinder".
SLF4J: Defaulting to no-operation (NOP) logger implementation
SLF4J: See http://www.slf4j.org/codes.html#StaticLoggerBinder for further details.
]]></system-err>
  </testcase>
  <testcase name="testGetUserByName" classname="api.test.UserTests" time="0.221">
    <system-out><![CDATA[HTTP/1.1 200 OK
Date: Mon, 05 Jun 2023 22:33:47 GMT
Content-Type: application/json
Transfer-Encoding: chunked
Connection: keep-alive
Access-Control-Allow-Origin: *
Access-Control-Allow-Methods: GET, POST, DELETE, PUT
Access-Control-Allow-Headers: Content-Type, api_key, Authorization
Server: Jetty(9.2.9.v20150224)

{
    "id": 1594873248,
    "username": "hans.lowe",
    "firstName": "Majorie",
    "lastName": "Littel",
    "email": "karisa.lockman@example.com",
    "password": "u7ix5",
    "phone": "1-217-826-6421",
    "userStatus": 0
}
]]></system-out>
  </testcase>
  <testcase name="testUpdateuserByName" classname="api.test.UserTests" time="1.513">
    <system-out><![CDATA[HTTP/1.1 200 OK
Date: Mon, 05 Jun 2023 22:33:47 GMT
Content-Type: application/json
Transfer-Encoding: chunked
Connection: keep-alive
Access-Control-Allow-Origin: *
Access-Control-Allow-Methods: GET, POST, DELETE, PUT
Access-Control-Allow-Headers: Content-Type, api_key, Authorization
Server: Jetty(9.2.9.v20150224)

{
    "code": 200,
    "type": "unknown",
    "message": "1594873248"
}
HTTP/1.1 200 OK
Date: Mon, 05 Jun 2023 22:33:48 GMT
Content-Type: application/json
Transfer-Encoding: chunked
Connection: keep-alive
Access-Control-Allow-Origin: *
Access-Control-Allow-Methods: GET, POST, DELETE, PUT
Access-Control-Allow-Headers: Content-Type, api_key, Authorization
Server: Jetty(9.2.9.v20150224)

{
    "id": 1594873248,
    "username": "hans.lowe",
    "firstName": "Adan",
    "lastName": "Bode",
    "email": "mardell.willms@example.com",
    "password": "u7ix5",
    "phone": "1-217-826-6421",
    "userStatus": 0
}
]]></system-out>
  </testcase>
  <testcase name="testDeleteUserByName" classname="api.test.UserTests" time="1.229">
    <system-out><![CDATA[HTTP/1.1 200 OK
Date: Mon, 05 Jun 2023 22:33:49 GMT
Content-Type: application/json
Transfer-Encoding: chunked
Connection: keep-alive
Access-Control-Allow-Origin: *
Access-Control-Allow-Methods: GET, POST, DELETE, PUT
Access-Control-Allow-Headers: Content-Type, api_key, Authorization
Server: Jetty(9.2.9.v20150224)

{
    "code": 200,
    "type": "unknown",
    "message": "hans.lowe"
}
]]></system-out>
  </testcase>
  <testcase name="testPostUser[1010, testuser1, Anoop, Joseph, a.joseph@gmail.com, test@1, 123456789](1)" classname="api.test.DataDrivenTest" time="0.199">
    <system-out><![CDATA[HTTP/1.1 200 OK
Date: Mon, 05 Jun 2023 22:33:50 GMT
Content-Type: application/json
Transfer-Encoding: chunked
Connection: keep-alive
Access-Control-Allow-Origin: *
Access-Control-Allow-Methods: GET, POST, DELETE, PUT
Access-Control-Allow-Headers: Content-Type, api_key, Authorization
Server: Jetty(9.2.9.v20150224)

{
    "code": 200,
    "type": "unknown",
    "message": "1613045211"
}
]]></system-out>
  </testcase>
  <testcase name="testPostUser[1011, testuser2, Deepu, Joseph, d.joseph@gmail.com, test@2, 987456123](2)" classname="api.test.DataDrivenTest" time="0.193">
    <system-out><![CDATA[HTTP/1.1 200 OK
Date: Mon, 05 Jun 2023 22:33:51 GMT
Content-Type: application/json
Transfer-Encoding: chunked
Connection: keep-alive
Access-Control-Allow-Origin: *
Access-Control-Allow-Methods: GET, POST, DELETE, PUT
Access-Control-Allow-Headers: Content-Type, api_key, Authorization
Server: Jetty(9.2.9.v20150224)

{
    "code": 200,
    "type": "unknown",
    "message": "507126135"
}
]]></system-out>
  </testcase>
  <testcase name="testPostUser[1012, testuser3, John, Joseph, j.joseph@gmail.com, test@3, 456123789](3)" classname="api.test.DataDrivenTest" time="0.203">
    <system-out><![CDATA[HTTP/1.1 200 OK
Date: Mon, 05 Jun 2023 22:33:51 GMT
Content-Type: application/json
Transfer-Encoding: chunked
Connection: keep-alive
Access-Control-Allow-Origin: *
Access-Control-Allow-Methods: GET, POST, DELETE, PUT
Access-Control-Allow-Headers: Content-Type, api_key, Authorization
Server: Jetty(9.2.9.v20150224)

{
    "code": 200,
    "type": "unknown",
    "message": "2034790200"
}
]]></system-out>
  </testcase>
  <testcase name="testDeleteUserByName[testuser1](1)" classname="api.test.DataDrivenTest" time="0.22">
    <system-out><![CDATA[HTTP/1.1 200 OK
Date: Mon, 05 Jun 2023 22:33:51 GMT
Content-Type: application/json
Transfer-Encoding: chunked
Connection: keep-alive
Access-Control-Allow-Origin: *
Access-Control-Allow-Methods: GET, POST, DELETE, PUT
Access-Control-Allow-Headers: Content-Type, api_key, Authorization
Server: Jetty(9.2.9.v20150224)

{
    "code": 200,
    "type": "unknown",
    "message": "testuser1"
}
]]></system-out>
  </testcase>
  <testcase name="testDeleteUserByName[testuser2](2)" classname="api.test.DataDrivenTest" time="0.209">
    <system-out><![CDATA[HTTP/1.1 200 OK
Date: Mon, 05 Jun 2023 22:33:51 GMT
Content-Type: application/json
Transfer-Encoding: chunked
Connection: keep-alive
Access-Control-Allow-Origin: *
Access-Control-Allow-Methods: GET, POST, DELETE, PUT
Access-Control-Allow-Headers: Content-Type, api_key, Authorization
Server: Jetty(9.2.9.v20150224)

{
    "code": 200,
    "type": "unknown",
    "message": "testuser2"
}
]]></system-out>
  </testcase>
  <testcase name="testDeleteUserByName[testuser3](3)" classname="api.test.DataDrivenTest" time="0.202">
    <system-out><![CDATA[HTTP/1.1 200 OK
Date: Mon, 05 Jun 2023 22:33:51 GMT
Content-Type: application/json
Transfer-Encoding: chunked
Connection: keep-alive
Access-Control-Allow-Origin: *
Access-Control-Allow-Methods: GET, POST, DELETE, PUT
Access-Control-Allow-Headers: Content-Type, api_key, Authorization
Server: Jetty(9.2.9.v20150224)

{
    "code": 200,
    "type": "unknown",
    "message": "testuser3"
}
]]></system-out>
  </testcase>
</testsuite>