<?xml version="1.0" encoding="UTF-8"?>
<!-- Generated by org.testng.reporters.JUnitXMLReporter -->
<testsuite ignored="0" hostname="LAPTOP-TH1PP5D1" failures="0" tests="10" name="User Tests" time="7.094" errors="0" timestamp="2023-06-05T18:33:51 EDT">
  <testcase classname="api.test.UserTests" name="testPostUser" time="1.464"/>
  <testcase classname="api.test.UserTests" name="testGetUserByName" time="0.217"/>
  <testcase classname="api.test.UserTests" name="testUpdateuserByName" time="1.515"/>
  <testcase classname="api.test.UserTests" name="testDeleteUserByName" time="1.227"/>
  <testcase classname="api.test.DataDrivenTest" name="testPostUser" time="0.196"/>
  <testcase classname="api.test.DataDrivenTest" name="testPostUser" time="0.192"/>
  <testcase classname="api.test.DataDrivenTest" name="testPostUser" time="0.202"/>
  <testcase classname="api.test.DataDrivenTest" name="testDeleteUserByName" time="0.214"/>
  <testcase classname="api.test.DataDrivenTest" name="testDeleteUserByName" time="0.214"/>
  <testcase classname="api.test.DataDrivenTest" name="testDeleteUserByName" time="0.2"/>
</testsuite> <!-- User Tests -->
